<?xml version="1.0" encoding="UTF-8"?>
<testsuite xmlns:xsi="http://www.w3.org/2001/XMLSchema-instance" xsi:noNamespaceSchemaLocation="https://maven.apache.org/surefire/maven-surefire-plugin/xsd/surefire-test-report-3.0.xsd" version="3.0" name="cucumberOptions.TestRunner" time="17.704" tests="24" errors="0" skipped="0" failures="0">
  <properties>
[...]
</properties>
  <testcase name="Add Place Payload with &quot;House&quot; ,&quot;English&quot; and &quot;Uttrakhand dehradun&quot;" classname="Verify if place is successfully added in AddPlace API #1" time="1.823">
    <system-out><![CDATA[
@AddPlace
Scenario Outline: Verify if place is successfully added in AddPlace API     # src/test/java/features/Login.feature:15
]]></system-out>
  </testcase>
  <testcase name="User calls &quot;addPlaceAPI&quot; with &quot;get&quot; http request" classname="Verify if place is successfully added in AddPlace API #1" time="1.602">
    <system-out><![CDATA[  Given Add Place Payload with "House" ,"English" and "Uttrakhand dehradun" # stepDefintion.StepDefinition.add_place_payload_with_and(java.lang.String,java.lang.String,java.lang.String)
]]></system-out>
  </testcase>
  <testcase name="API Response is generated successfully with status code 200" classname="Verify if place is successfully added in AddPlace API #1" time="0.022">
    <system-out><![CDATA[  When User calls "addPlaceAPI" with "get" http request                     # stepDefintion.StepDefinition.user_calls_with_http_request(java.lang.String,java.lang.String)
]]></system-out>
  </testcase>
  <testcase name="&quot;scope&quot; in response body is &quot;APP&quot;" classname="Verify if place is successfully added in AddPlace API #1" time="0.662">
    <system-out><![CDATA[  Then API Response is generated successfully with status code 200          # stepDefintion.StepDefinition.api_response_is_generated_successfully_with_status_code(int)
]]></system-out>
  </testcase>
  <testcase name="&quot;status&quot; in response body is &quot;OK&quot;" classname="Verify if place is successfully added in AddPlace API #1" time="0.018">
    <system-out><![CDATA[  And "scope" in response body is "APP"                                     # stepDefintion.StepDefinition.in_response_body_is(java.lang.String,java.lang.String)
]]></system-out>
  </testcase>
  <testcase name="verify place_Id created maps to &quot;House&quot; using &quot;getPlaceAPI&quot;" classname="Verify if place is successfully added in AddPlace API #1" time="2.897">
    <system-out><![CDATA[  And "status" in response body is "OK"                                     # stepDefintion.StepDefinition.in_response_body_is(java.lang.String,java.lang.String)
]]></system-out>
  </testcase>
  <testcase name="Add Place Payload with &quot;Mouse&quot; ,&quot;Hindi&quot; and &quot;S23 Japan&quot;" classname="Verify if place is successfully added in AddPlace API #2" time="0.006">
    <system-out><![CDATA[  And verify place_Id created maps to "House" using "getPlaceAPI"           # stepDefintion.StepDefinition.verify_place_id_created_maps_to_using(java.lang.String,java.lang.String)

@AddPlace
Scenario Outline: Verify if place is successfully added in AddPlace API # src/test/java/features/Login.feature:16
]]></system-out>
  </testcase>
  <testcase name="User calls &quot;addPlaceAPI&quot; with &quot;get&quot; http request" classname="Verify if place is successfully added in AddPlace API #2" time="0.254">
    <system-out><![CDATA[  Given Add Place Payload with "Mouse" ,"Hindi" and "S23 Japan"         # stepDefintion.StepDefinition.add_place_payload_with_and(java.lang.String,java.lang.String,java.lang.String)
]]></system-out>
  </testcase>
  <testcase name="API Response is generated successfully with status code 200" classname="Verify if place is successfully added in AddPlace API #2" time="0.001">
    <system-out><![CDATA[  When User calls "addPlaceAPI" with "get" http request                 # stepDefintion.StepDefinition.user_calls_with_http_request(java.lang.String,java.lang.String)
]]></system-out>
  </testcase>
  <testcase name="&quot;scope&quot; in response body is &quot;APP&quot;" classname="Verify if place is successfully added in AddPlace API #2" time="0.014">
    <system-out><![CDATA[  Then API Response is generated successfully with status code 200      # stepDefintion.StepDefinition.api_response_is_generated_successfully_with_status_code(int)
]]></system-out>
  </testcase>
  <testcase name="&quot;status&quot; in response body is &quot;OK&quot;" classname="Verify if place is successfully added in AddPlace API #2" time="0.014">
    <system-out><![CDATA[  And "scope" in response body is "APP"                                 # stepDefintion.StepDefinition.in_response_body_is(java.lang.String,java.lang.String)
]]></system-out>
  </testcase>
  <testcase name="verify place_Id created maps to &quot;Mouse&quot; using &quot;getPlaceAPI&quot;" classname="Verify if place is successfully added in AddPlace API #2" time="2.652">
    <system-out><![CDATA[  And "status" in response body is "OK"                                 # stepDefintion.StepDefinition.in_response_body_is(java.lang.String,java.lang.String)
]]></system-out>
  </testcase>
  <testcase name="Add Place Payload with &quot;Maker&quot; ,&quot;French&quot; and &quot;B-101 A/2 Netherland&quot;" classname="Verify if place is successfully added in AddPlace API #3" time="0.006">
    <system-out><![CDATA[  And verify place_Id created maps to "Mouse" using "getPlaceAPI"       # stepDefintion.StepDefinition.verify_place_id_created_maps_to_using(java.lang.String,java.lang.String)

@AddPlace
Scenario Outline: Verify if place is successfully added in AddPlace API     # src/test/java/features/Login.feature:17
]]></system-out>
  </testcase>
  <testcase name="User calls &quot;addPlaceAPI&quot; with &quot;get&quot; http request" classname="Verify if place is successfully added in AddPlace API #3" time="1.587">
    <system-out><![CDATA[  Given Add Place Payload with "Maker" ,"French" and "B-101 A/2 Netherland" # stepDefintion.StepDefinition.add_place_payload_with_and(java.lang.String,java.lang.String,java.lang.String)
]]></system-out>
  </testcase>
  <testcase name="API Response is generated successfully with status code 200" classname="Verify if place is successfully added in AddPlace API #3" time="0">
    <system-out><![CDATA[  When User calls "addPlaceAPI" with "get" http request                     # stepDefintion.StepDefinition.user_calls_with_http_request(java.lang.String,java.lang.String)
]]></system-out>
  </testcase>
  <testcase name="&quot;scope&quot; in response body is &quot;APP&quot;" classname="Verify if place is successfully added in AddPlace API #3" time="0.017">
    <system-out><![CDATA[  Then API Response is generated successfully with status code 200          # stepDefintion.StepDefinition.api_response_is_generated_successfully_with_status_code(int)
]]></system-out>
  </testcase>
  <testcase name="&quot;status&quot; in response body is &quot;OK&quot;" classname="Verify if place is successfully added in AddPlace API #3" time="0.014">
    <system-out><![CDATA[  And "scope" in response body is "APP"                                     # stepDefintion.StepDefinition.in_response_body_is(java.lang.String,java.lang.String)
]]></system-out>
  </testcase>
  <testcase name="verify place_Id created maps to &quot;Maker&quot; using &quot;getPlaceAPI&quot;" classname="Verify if place is successfully added in AddPlace API #3" time="2.766">
    <system-out><![CDATA[  And "status" in response body is "OK"                                     # stepDefintion.StepDefinition.in_response_body_is(java.lang.String,java.lang.String)
]]></system-out>
  </testcase>
  <testcase name="Add Place Payload with &quot;Madam&quot; ,&quot;Russian&quot; and &quot;@23 (67) Austraila&quot;" classname="Verify if place is successfully added in AddPlace API #4" time="0.006">
    <system-out><![CDATA[  And verify place_Id created maps to "Maker" using "getPlaceAPI"           # stepDefintion.StepDefinition.verify_place_id_created_maps_to_using(java.lang.String,java.lang.String)

@AddPlace
Scenario Outline: Verify if place is successfully added in AddPlace API    # src/test/java/features/Login.feature:18
]]></system-out>
  </testcase>
  <testcase name="User calls &quot;addPlaceAPI&quot; with &quot;get&quot; http request" classname="Verify if place is successfully added in AddPlace API #4" time="0.218">
    <system-out><![CDATA[  Given Add Place Payload with "Madam" ,"Russian" and "@23 (67) Austraila" # stepDefintion.StepDefinition.add_place_payload_with_and(java.lang.String,java.lang.String,java.lang.String)
]]></system-out>
  </testcase>
  <testcase name="API Response is generated successfully with status code 200" classname="Verify if place is successfully added in AddPlace API #4" time="0.001">
    <system-out><![CDATA[  When User calls "addPlaceAPI" with "get" http request                    # stepDefintion.StepDefinition.user_calls_with_http_request(java.lang.String,java.lang.String)
]]></system-out>
  </testcase>
  <testcase name="&quot;scope&quot; in response body is &quot;APP&quot;" classname="Verify if place is successfully added in AddPlace API #4" time="0.022">
    <system-out><![CDATA[  Then API Response is generated successfully with status code 200         # stepDefintion.StepDefinition.api_response_is_generated_successfully_with_status_code(int)
]]></system-out>
  </testcase>
  <testcase name="&quot;status&quot; in response body is &quot;OK&quot;" classname="Verify if place is successfully added in AddPlace API #4" time="0.023">
    <system-out><![CDATA[  And "scope" in response body is "APP"                                    # stepDefintion.StepDefinition.in_response_body_is(java.lang.String,java.lang.String)
]]></system-out>
  </testcase>
  <testcase name="verify place_Id created maps to &quot;Madam&quot; using &quot;getPlaceAPI&quot;" classname="Verify if place is successfully added in AddPlace API #4" time="2.509">
    <system-out><![CDATA[  And "status" in response body is "OK"                                    # stepDefintion.StepDefinition.in_response_body_is(java.lang.String,java.lang.String)
]]></system-out>
  </testcase>
</testsuite>